<?xml version="1.0" encoding="UTF-8"?>
<testsuite xmlns:xsi="http://www.w3.org/2001/XMLSchema-instance" xsi:noNamespaceSchemaLocation="https://maven.apache.org/surefire/maven-surefire-plugin/xsd/surefire-test-report.xsd" name="com.de.hiking.HikingApiApplicationTests" time="34.715" tests="20" errors="0" skipped="0" failures="0">
  <properties>
[...]
</properties>
  <testcase name="checkPostBookingAgeWrongMember" classname="com.de.hiking.HikingApiApplicationTests" time="1.855"/>
  <testcase name="checkGetHikers" classname="com.de.hiking.HikingApiApplicationTests" time="0.673"/>
  <testcase name="checkCreateHiker" classname="com.de.hiking.HikingApiApplicationTests" time="0.85"/>
  <testcase name="checkGetBookingBothParam" classname="com.de.hiking.HikingApiApplicationTests" time="0.075"/>
  <testcase name="checkGetTrails" classname="com.de.hiking.HikingApiApplicationTests" time="0.08"/>
  <testcase name="checkDeleteNonExistingHiker" classname="com.de.hiking.HikingApiApplicationTests" time="0.25"/>
  <testcase name="checkGetBookingDate" classname="com.de.hiking.HikingApiApplicationTests" time="0.895"/>
  <testcase name="checkGetBookingHiker" classname="com.de.hiking.HikingApiApplicationTests" time="0.404"/>
  <testcase name="checkPostBooking" classname="com.de.hiking.HikingApiApplicationTests" time="0.163"/>
  <testcase name="checkGetHiker" classname="com.de.hiking.HikingApiApplicationTests" time="0.046"/>
  <testcase name="checkDeleteBooking" classname="com.de.hiking.HikingApiApplicationTests" time="0.163"/>
  <testcase name="checkGetBookingNoParam" classname="com.de.hiking.HikingApiApplicationTests" time="0.033"/>
  <testcase name="checkPostBookingEmptyMember" classname="com.de.hiking.HikingApiApplicationTests" time="0.086"/>
  <testcase name="checkDeleteNonExistingBooking" classname="com.de.hiking.HikingApiApplicationTests" time="0.081"/>
  <testcase name="checkGetNonExistingHiker" classname="com.de.hiking.HikingApiApplicationTests" time="0.052"/>
  <testcase name="checkPostBookingAgeWrongHiker" classname="com.de.hiking.HikingApiApplicationTests" time="0.094"/>
  <testcase name="checkPostBookingAgeWrongTrail" classname="com.de.hiking.HikingApiApplicationTests" time="0.096"/>
  <testcase name="checkGetBookingNonExistingHiker" classname="com.de.hiking.HikingApiApplicationTests" time="0.056"/>
  <testcase name="checkDeleteHiker" classname="com.de.hiking.HikingApiApplicationTests" time="0.109"/>
  <testcase name="checkPostBookingNonExistingMember" classname="com.de.hiking.HikingApiApplicationTests" time="0.143"/>
</testsuite>